[PREINITIALIZATION][CLIENT][INFO] Current loaders after merging: [[preinit]]
[PREINITIALIZATION][CLIENT][INFO] Loading scripts for loader with names [preinit]
[PREINITIALIZATION][CLIENT][INFO] [preinit | SIDE_CLIENT]: Skipping file {[3000:contenttweaker]: contenttweaker\blocks.zs} as we are currently loading with a different loader
[PREINITIALIZATION][CLIENT][INFO] [preinit | SIDE_CLIENT]: Skipping file {[3000:contenttweaker]: contenttweaker\fluid.zs} as we are currently loading with a different loader
[PREINITIALIZATION][CLIENT][INFO] [preinit | SIDE_CLIENT]: Skipping file {[3000:contenttweaker]: contenttweaker\item\food.zs} as we are currently loading with a different loader
[PREINITIALIZATION][CLIENT][INFO] [preinit | SIDE_CLIENT]: Skipping file {[3000:contenttweaker]: contenttweaker\item\item.zs} as we are currently loading with a different loader
[PREINITIALIZATION][CLIENT][INFO] [preinit | SIDE_CLIENT]: Skipping file {[3000:contenttweaker]: contenttweaker\item\material.zs} as we are currently loading with a different loader
[PREINITIALIZATION][CLIENT][INFO] [preinit | SIDE_CLIENT]: Skipping file {[3000:contenttweaker]: contenttweaker\item\oremat.zs} as we are currently loading with a different loader
[PREINITIALIZATION][CLIENT][INFO] [preinit | SIDE_CLIENT]: Skipping file {[3000:crafttweaker]: crafttweaker\globalEvents\exu2machine.zs} as we are currently loading with a different loader
[PREINITIALIZATION][CLIENT][INFO] [preinit | SIDE_CLIENT]: Skipping file {[2500:crafttweaker]: crafttweaker\globalEvents\worldgeo.zs} as we are currently loading with a different loader
[PREINITIALIZATION][CLIENT][INFO] [preinit | SIDE_CLIENT]: Skipping file {[500:crafttweaker]: crafttweaker\utils\utilaiop.zs} as we are currently loading with a different loader
[PREINITIALIZATION][CLIENT][INFO] [preinit | SIDE_CLIENT]: Skipping file {[0:crafttweaker]: crafttweaker\chooseMode\EventChose.zs} as we are currently loading with a different loader
[PREINITIALIZATION][CLIENT][INFO] [preinit | SIDE_CLIENT]: Skipping file {[0:crafttweaker]: crafttweaker\utils\creative_tabs.zs} as we are currently loading with a different loader
[PREINITIALIZATION][CLIENT][INFO] [preinit | SIDE_CLIENT]: Skipping file {[0:crafttweaker]: MineTweakerRecipeMaker.zs} as we are currently loading with a different loader
[PREINITIALIZATION][CLIENT][INFO] [preinit | SIDE_CLIENT]: Skipping file {[-50:crafttweaker]: crafttweaker\NormalLand\MM\utilsreciper.zs} as we are currently loading with a different loader
[PREINITIALIZATION][CLIENT][INFO] [preinit | SIDE_CLIENT]: Skipping file {[-100:crafttweaker]: crafttweaker\NormalLand\AS.zs} as we are currently loading with a different loader
[PREINITIALIZATION][CLIENT][INFO] [preinit | SIDE_CLIENT]: Skipping file {[-100:crafttweaker]: crafttweaker\NormalLand\botania.zs} as we are currently loading with a different loader
[PREINITIALIZATION][CLIENT][INFO] [preinit | SIDE_CLIENT]: Skipping file {[-100:crafttweaker]: crafttweaker\NormalLand\cyclic.zs} as we are currently loading with a different loader
[PREINITIALIZATION][CLIENT][INFO] [preinit | SIDE_CLIENT]: Skipping file {[-100:crafttweaker]: crafttweaker\NormalLand\extenedcrafting.zs} as we are currently loading with a different loader
[PREINITIALIZATION][CLIENT][INFO] [preinit | SIDE_CLIENT]: Skipping file {[-100:crafttweaker]: crafttweaker\NormalLand\IE.zs} as we are currently loading with a different loader
[PREINITIALIZATION][CLIENT][INFO] [preinit | SIDE_CLIENT]: Skipping file {[-100:crafttweaker]: crafttweaker\NormalLand\MM\astralliquid_collector_array.zs} as we are currently loading with a different loader
[PREINITIALIZATION][CLIENT][INFO] [preinit | SIDE_CLIENT]: Skipping file {[-100:crafttweaker]: crafttweaker\NormalLand\MM\liquid_sun_collector.zs} as we are currently loading with a different loader
[PREINITIALIZATION][CLIENT][INFO] [preinit | SIDE_CLIENT]: Skipping file {[-100:crafttweaker]: crafttweaker\NormalLand\MM\mana_extractors.zs} as we are currently loading with a different loader
[PREINITIALIZATION][CLIENT][INFO] [preinit | SIDE_CLIENT]: Skipping file {[-100:crafttweaker]: crafttweaker\NormalLand\MM\passive_astralf.zs} as we are currently loading with a different loader
[PREINITIALIZATION][CLIENT][INFO] [preinit | SIDE_CLIENT]: Skipping file {[-100:crafttweaker]: crafttweaker\NormalLand\MM\tntbug.zs} as we are currently loading with a different loader
[PREINITIALIZATION][CLIENT][INFO] [preinit | SIDE_CLIENT]: Skipping file {[-100:crafttweaker]: crafttweaker\NormalLand\modularcomponent.zs} as we are currently loading with a different loader
[PREINITIALIZATION][CLIENT][INFO] [preinit | SIDE_CLIENT]: Skipping file {[-100:crafttweaker]: crafttweaker\NormalLand\oredict.zs} as we are currently loading with a different loader
[PREINITIALIZATION][CLIENT][INFO] [preinit | SIDE_CLIENT]: Skipping file {[-100:crafttweaker]: crafttweaker\NormalLand\randomT.zs} as we are currently loading with a different loader
[PREINITIALIZATION][CLIENT][INFO] [preinit | SIDE_CLIENT]: Skipping file {[-100:crafttweaker]: crafttweaker\NormalLand\tic.zs} as we are currently loading with a different loader
[PREINITIALIZATION][CLIENT][INFO] [preinit | SIDE_CLIENT]: Skipping file {[-100:crafttweaker]: crafttweaker\NormalLand\vanilla.zs} as we are currently loading with a different loader
[PREINITIALIZATION][CLIENT][INFO] [preinit | SIDE_CLIENT]: Skipping file {[-100:crafttweaker]: template.zs} as we are currently loading with a different loader
[PREINITIALIZATION][CLIENT][INFO] [preinit | SIDE_CLIENT]: Skipping file {[-150:crafttweaker]: crafttweaker\globalEvents\worldcrafting.zs} as we are currently loading with a different loader
[PREINITIALIZATION][CLIENT][INFO] Completed script loading in: 5ms
[PREINITIALIZATION][CLIENT][INFO] Current loaders after merging: [[preinit], [contenttweaker]]
[PREINITIALIZATION][CLIENT][INFO] Loading scripts for loader with names [contenttweaker]
[PREINITIALIZATION][CLIENT][INFO] [contenttweaker | SIDE_CLIENT]: Loading Script: {[3000:contenttweaker]: contenttweaker\blocks.zs}
[PREINITIALIZATION][CLIENT][INFO] initializing block.zs
[PREINITIALIZATION][CLIENT][INFO] initialized block.zs
[PREINITIALIZATION][CLIENT][INFO] [contenttweaker | SIDE_CLIENT]: Loading Script: {[3000:contenttweaker]: contenttweaker\fluid.zs}
[PREINITIALIZATION][CLIENT][INFO] Initializing fluid.zs
[PREINITIALIZATION][CLIENT][INFO] Initialized fluid.zs
[PREINITIALIZATION][CLIENT][INFO] [contenttweaker | SIDE_CLIENT]: Loading Script: {[3000:contenttweaker]: contenttweaker\item\food.zs}
[PREINITIALIZATION][CLIENT][ERROR] contenttweaker\item\food.zs:16 > could not find item
[PREINITIALIZATION][CLIENT][ERROR] contenttweaker\item\food.zs:16 > not a valid lvalue
[PREINITIALIZATION][CLIENT][INFO] Initializing food.zs
[PREINITIALIZATION][CLIENT][INFO] Initialized food.zs
[PREINITIALIZATION][CLIENT][INFO] [contenttweaker | SIDE_CLIENT]: Loading Script: {[3000:contenttweaker]: contenttweaker\item\item.zs}
[PREINITIALIZATION][CLIENT][INFO] Initializing item.zs
[PREINITIALIZATION][CLIENT][INFO] Initialized item.zs
[PREINITIALIZATION][CLIENT][INFO] [contenttweaker | SIDE_CLIENT]: Loading Script: {[3000:contenttweaker]: contenttweaker\item\material.zs}
[PREINITIALIZATION][CLIENT][INFO] [contenttweaker | SIDE_CLIENT]: Loading Script: {[3000:contenttweaker]: contenttweaker\item\oremat.zs}
[PREINITIALIZATION][CLIENT][ERROR] [contenttweaker]: Error executing {[3000:contenttweaker]: contenttweaker\item\oremat.zs}: JVMVRFY012 堆栈形状不一致；类=contenttweaker\item\Oremat，方法=__script__()V，pc=214；类型不匹配，签名 crafttweaker/zenscript/expand/ExpandString.asFormattedText:(Ljava/lang/String;)Lcrafttweaker/api/formatting/IFormattedText; 中的参数 0 不匹配
Exception Details:
  Location:
    contenttweaker\item\Oremat.__script__()V @214: JBinvokestatic
  Reason:
    Type 'stanhebben/zenscript/value/IAny' (current frame, stack[3]) is not assignable to 'java/lang/String'
  Current Frame:
    bci: @214
    flags: { }
    locals: { top, '[Ljava/lang/String;', top, '[Ljava/lang/String;' }
    stack: { '[Lstanhebben/zenscript/value/IAny;', '[Lstanhebben/zenscript/value/IAny;', integer, 'stanhebben/zenscript/value/IAny' }
  Stackmap Table:
    full_frame(@211,{top,Object[#104],top,Object[#104]},{Object[#105],Object[#105],integer,Object[#63]})
    full_frame(@214,{top,Object[#104],top,Object[#104]},{Object[#105],Object[#105],integer,Object[#64]})
    full_frame(@350,{top,Object[#104],top,Object[#104],top,Object[#105],top,Object[#106],top,Object[#106],top,Object[#106],top,Object[#106],top,Object[#106],top,Object[#106],top,Object[#106],top,Object[#106],top,Object[#106],top,top,integer},{Object[#104]})
    same_locals_1_stack_item_frame_extended(@468,Object[#104])
java.lang.VerifyError: JVMVRFY012 堆栈形状不一致；类=contenttweaker\item\Oremat，方法=__script__()V，pc=214；类型不匹配，签名 crafttweaker/zenscript/expand/ExpandString.asFormattedText:(Ljava/lang/String;)Lcrafttweaker/api/formatting/IFormattedText; 中的参数 0 不匹配
Exception Details:
  Location:
    contenttweaker\item\Oremat.__script__()V @214: JBinvokestatic
  Reason:
    Type 'stanhebben/zenscript/value/IAny' (current frame, stack[3]) is not assignable to 'java/lang/String'
  Current Frame:
    bci: @214
    flags: { }
    locals: { top, '[Ljava/lang/String;', top, '[Ljava/lang/String;' }
    stack: { '[Lstanhebben/zenscript/value/IAny;', '[Lstanhebben/zenscript/value/IAny;', integer, 'stanhebben/zenscript/value/IAny' }
  Stackmap Table:
    full_frame(@211,{top,Object[#104],top,Object[#104]},{Object[#105],Object[#105],integer,Object[#63]})
    full_frame(@214,{top,Object[#104],top,Object[#104]},{Object[#105],Object[#105],integer,Object[#64]})
    full_frame(@350,{top,Object[#104],top,Object[#104],top,Object[#105],top,Object[#106],top,Object[#106],top,Object[#106],top,Object[#106],top,Object[#106],top,Object[#106],top,Object[#106],top,Object[#106],top,Object[#106],top,top,integer},{Object[#104]})
    same_locals_1_stack_item_frame_extended(@468,Object[#104])
	at __ZenMain__.run(contenttweaker\item\Oremat)
	at crafttweaker.runtime.CrTTweaker.loadScript(CrTTweaker.java:225)
	at crafttweaker.runtime.CrTTweaker.loadScript(CrTTweaker.java:96)
	at crafttweaker.runtime.CrTTweaker.loadScript(CrTTweaker.java:100)
	at crafttweaker.runtime.CrTTweaker.loadScript(CrTTweaker.java:78)
	at com.teamacronymcoders.contenttweaker.ContentTweaker.afterModuleHandlerInit(ContentTweaker.java:45)
	at com.teamacronymcoders.base.BaseModFoundation.preInit(BaseModFoundation.java:112)
	at com.teamacronymcoders.contenttweaker.ContentTweaker.preInit(ContentTweaker.java:40)
	at sun.reflect.NativeMethodAccessorImpl.invoke0(Native Method)
	at sun.reflect.NativeMethodAccessorImpl.invoke(NativeMethodAccessorImpl.java:62)
	at sun.reflect.DelegatingMethodAccessorImpl.invoke(DelegatingMethodAccessorImpl.java:43)
	at java.lang.reflect.Method.invoke(Method.java:498)
	at net.minecraftforge.fml.common.FMLModContainer.handleModStateEvent(FMLModContainer.java:637)
	at sun.reflect.GeneratedMethodAccessor12.invoke(Unknown Source)
	at sun.reflect.DelegatingMethodAccessorImpl.invoke(DelegatingMethodAccessorImpl.java:43)
	at java.lang.reflect.Method.invoke(Method.java:498)
	at com.google.common.eventbus.Subscriber.invokeSubscriberMethod(Subscriber.java:91)
	at com.google.common.eventbus.Subscriber$SynchronizedSubscriber.invokeSubscriberMethod(Subscriber.java:150)
	at com.google.common.eventbus.Subscriber$1.run(Subscriber.java:76)
	at com.google.common.util.concurrent.MoreExecutors$DirectExecutor.execute(MoreExecutors.java:399)
	at com.google.common.eventbus.Subscriber.dispatchEvent(Subscriber.java:71)
	at com.google.common.eventbus.Dispatcher$PerThreadQueuedDispatcher.dispatch(Dispatcher.java:116)
	at com.google.common.eventbus.EventBus.post(EventBus.java:217)
	at net.minecraftforge.fml.common.LoadController.sendEventToModContainer(LoadController.java:219)
	at net.minecraftforge.fml.common.LoadController.propogateStateMessage(LoadController.java:197)
	at sun.reflect.NativeMethodAccessorImpl.invoke0(Native Method)
	at sun.reflect.NativeMethodAccessorImpl.invoke(NativeMethodAccessorImpl.java:62)
	at sun.reflect.DelegatingMethodAccessorImpl.invoke(DelegatingMethodAccessorImpl.java:43)
	at java.lang.reflect.Method.invoke(Method.java:498)
	at com.google.common.eventbus.Subscriber.invokeSubscriberMethod(Subscriber.java:91)
	at com.google.common.eventbus.Subscriber$SynchronizedSubscriber.invokeSubscriberMethod(Subscriber.java:150)
	at com.google.common.eventbus.Subscriber$1.run(Subscriber.java:76)
	at com.google.common.util.concurrent.MoreExecutors$DirectExecutor.execute(MoreExecutors.java:399)
	at com.google.common.eventbus.Subscriber.dispatchEvent(Subscriber.java:71)
	at com.google.common.eventbus.Dispatcher$PerThreadQueuedDispatcher.dispatch(Dispatcher.java:116)
	at com.google.common.eventbus.EventBus.post(EventBus.java:217)
	at net.minecraftforge.fml.common.LoadController.distributeStateMessage(LoadController.java:136)
	at net.minecraftforge.fml.common.Loader.preinitializeMods(Loader.java:629)
	at net.minecraftforge.fml.client.FMLClientHandler.beginMinecraftLoading(FMLClientHandler.java:252)
	at net.minecraft.client.Minecraft.func_71384_a(Minecraft.java:467)
	at net.minecraft.client.Minecraft.func_99999_d(Minecraft.java:3931)
	at net.minecraft.client.main.Main.main(SourceFile:123)
	at sun.reflect.NativeMethodAccessorImpl.invoke0(Native Method)
	at sun.reflect.NativeMethodAccessorImpl.invoke(NativeMethodAccessorImpl.java:62)
	at sun.reflect.DelegatingMethodAccessorImpl.invoke(DelegatingMethodAccessorImpl.java:43)
	at java.lang.reflect.Method.invoke(Method.java:498)
	at net.minecraft.launchwrapper.Launch.launch(Launch.java:135)
	at net.minecraft.launchwrapper.Launch.main(Launch.java:28)
[PREINITIALIZATION][CLIENT][INFO] [contenttweaker | SIDE_CLIENT]: Skipping file {[3000:crafttweaker]: crafttweaker\globalEvents\exu2machine.zs} as we are currently loading with a different loader
[PREINITIALIZATION][CLIENT][INFO] [contenttweaker | SIDE_CLIENT]: Skipping file {[2500:crafttweaker]: crafttweaker\globalEvents\worldgeo.zs} as we are currently loading with a different loader
[PREINITIALIZATION][CLIENT][INFO] [contenttweaker | SIDE_CLIENT]: Skipping file {[500:crafttweaker]: crafttweaker\utils\utilaiop.zs} as we are currently loading with a different loader
[PREINITIALIZATION][CLIENT][INFO] [contenttweaker | SIDE_CLIENT]: Skipping file {[0:crafttweaker]: crafttweaker\chooseMode\EventChose.zs} as we are currently loading with a different loader
[PREINITIALIZATION][CLIENT][INFO] [contenttweaker | SIDE_CLIENT]: Skipping file {[0:crafttweaker]: crafttweaker\utils\creative_tabs.zs} as we are currently loading with a different loader
[PREINITIALIZATION][CLIENT][INFO] [contenttweaker | SIDE_CLIENT]: Skipping file {[0:crafttweaker]: MineTweakerRecipeMaker.zs} as we are currently loading with a different loader
[PREINITIALIZATION][CLIENT][INFO] [contenttweaker | SIDE_CLIENT]: Skipping file {[-50:crafttweaker]: crafttweaker\NormalLand\MM\utilsreciper.zs} as we are currently loading with a different loader
[PREINITIALIZATION][CLIENT][INFO] [contenttweaker | SIDE_CLIENT]: Skipping file {[-100:crafttweaker]: crafttweaker\NormalLand\AS.zs} as we are currently loading with a different loader
[PREINITIALIZATION][CLIENT][INFO] [contenttweaker | SIDE_CLIENT]: Skipping file {[-100:crafttweaker]: crafttweaker\NormalLand\botania.zs} as we are currently loading with a different loader
[PREINITIALIZATION][CLIENT][INFO] [contenttweaker | SIDE_CLIENT]: Skipping file {[-100:crafttweaker]: crafttweaker\NormalLand\cyclic.zs} as we are currently loading with a different loader
[PREINITIALIZATION][CLIENT][INFO] [contenttweaker | SIDE_CLIENT]: Skipping file {[-100:crafttweaker]: crafttweaker\NormalLand\extenedcrafting.zs} as we are currently loading with a different loader
[PREINITIALIZATION][CLIENT][INFO] [contenttweaker | SIDE_CLIENT]: Skipping file {[-100:crafttweaker]: crafttweaker\NormalLand\IE.zs} as we are currently loading with a different loader
[PREINITIALIZATION][CLIENT][INFO] [contenttweaker | SIDE_CLIENT]: Skipping file {[-100:crafttweaker]: crafttweaker\NormalLand\MM\astralliquid_collector_array.zs} as we are currently loading with a different loader
[PREINITIALIZATION][CLIENT][INFO] [contenttweaker | SIDE_CLIENT]: Skipping file {[-100:crafttweaker]: crafttweaker\NormalLand\MM\liquid_sun_collector.zs} as we are currently loading with a different loader
[PREINITIALIZATION][CLIENT][INFO] [contenttweaker | SIDE_CLIENT]: Skipping file {[-100:crafttweaker]: crafttweaker\NormalLand\MM\mana_extractors.zs} as we are currently loading with a different loader
[PREINITIALIZATION][CLIENT][INFO] [contenttweaker | SIDE_CLIENT]: Skipping file {[-100:crafttweaker]: crafttweaker\NormalLand\MM\passive_astralf.zs} as we are currently loading with a different loader
[PREINITIALIZATION][CLIENT][INFO] [contenttweaker | SIDE_CLIENT]: Skipping file {[-100:crafttweaker]: crafttweaker\NormalLand\MM\tntbug.zs} as we are currently loading with a different loader
[PREINITIALIZATION][CLIENT][INFO] [contenttweaker | SIDE_CLIENT]: Skipping file {[-100:crafttweaker]: crafttweaker\NormalLand\modularcomponent.zs} as we are currently loading with a different loader
[PREINITIALIZATION][CLIENT][INFO] [contenttweaker | SIDE_CLIENT]: Skipping file {[-100:crafttweaker]: crafttweaker\NormalLand\oredict.zs} as we are currently loading with a different loader
[PREINITIALIZATION][CLIENT][INFO] [contenttweaker | SIDE_CLIENT]: Skipping file {[-100:crafttweaker]: crafttweaker\NormalLand\randomT.zs} as we are currently loading with a different loader
[PREINITIALIZATION][CLIENT][INFO] [contenttweaker | SIDE_CLIENT]: Skipping file {[-100:crafttweaker]: crafttweaker\NormalLand\tic.zs} as we are currently loading with a different loader
[PREINITIALIZATION][CLIENT][INFO] [contenttweaker | SIDE_CLIENT]: Skipping file {[-100:crafttweaker]: crafttweaker\NormalLand\vanilla.zs} as we are currently loading with a different loader
[PREINITIALIZATION][CLIENT][INFO] [contenttweaker | SIDE_CLIENT]: Skipping file {[-100:crafttweaker]: template.zs} as we are currently loading with a different loader
[PREINITIALIZATION][CLIENT][INFO] [contenttweaker | SIDE_CLIENT]: Skipping file {[-150:crafttweaker]: crafttweaker\globalEvents\worldcrafting.zs} as we are currently loading with a different loader
[PREINITIALIZATION][CLIENT][INFO] Completed script loading in: 843ms
[INITIALIZATION][CLIENT][INFO] CraftTweaker: Building registry
[INITIALIZATION][CLIENT][INFO] CraftTweaker: Successfully built item registry
[INITIALIZATION][CLIENT][INFO] Current loaders after merging: [[preinit], [contenttweaker], [recipeevent | crafttweaker]]
[INITIALIZATION][CLIENT][INFO] Loading scripts for loader with names [crafttweaker | recipeevent]
[INITIALIZATION][CLIENT][INFO] Ignoring script {[0:crafttweaker]: crafttweaker\chooseMode\EventChose.zs} as current pack mode NormalLand is not in the scripts pack modes [chooseMode]
[INITIALIZATION][CLIENT][INFO] [crafttweaker | SIDE_CLIENT]: Skipping file {[3000:contenttweaker]: contenttweaker\blocks.zs} as we are currently loading with a different loader
[INITIALIZATION][CLIENT][INFO] [crafttweaker | SIDE_CLIENT]: Skipping file {[3000:contenttweaker]: contenttweaker\fluid.zs} as we are currently loading with a different loader
[INITIALIZATION][CLIENT][INFO] [crafttweaker | SIDE_CLIENT]: Skipping file {[3000:contenttweaker]: contenttweaker\item\food.zs} as we are currently loading with a different loader
[INITIALIZATION][CLIENT][INFO] [crafttweaker | SIDE_CLIENT]: Skipping file {[3000:contenttweaker]: contenttweaker\item\item.zs} as we are currently loading with a different loader
[INITIALIZATION][CLIENT][INFO] [crafttweaker | SIDE_CLIENT]: Skipping file {[3000:contenttweaker]: contenttweaker\item\material.zs} as we are currently loading with a different loader
[INITIALIZATION][CLIENT][INFO] [crafttweaker | SIDE_CLIENT]: Skipping file {[3000:contenttweaker]: contenttweaker\item\oremat.zs} as we are currently loading with a different loader
[INITIALIZATION][CLIENT][INFO] [crafttweaker | SIDE_CLIENT]: Loading Script: {[3000:crafttweaker]: crafttweaker\globalEvents\exu2machine.zs}
[INITIALIZATION][CLIENT][INFO] Initializing exu2machine.zs
[INITIALIZATION][CLIENT][INFO] Creating new machine: crafttweaker:time_machine
[INITIALIZATION][CLIENT][INFO] Creating new machine: crafttweaker:chemical_reactor
[INITIALIZATION][CLIENT][INFO] Initialized exu2machine.zs
[INITIALIZATION][CLIENT][INFO] [crafttweaker | SIDE_CLIENT]: Loading Script: {[2500:crafttweaker]: crafttweaker\globalEvents\worldgeo.zs}
[INITIALIZATION][CLIENT][INFO] Initializing worldgeo.zs
[INITIALIZATION][CLIENT][INFO] Initialized worldgeo.zs
[INITIALIZATION][CLIENT][INFO] [crafttweaker | SIDE_CLIENT]: Loading Script: {[500:crafttweaker]: crafttweaker\utils\utilaiop.zs}
[INITIALIZATION][CLIENT][INFO] Initializing utilaiop.zs
[INITIALIZATION][CLIENT][INFO] Initialized utilaiop.zs
[INITIALIZATION][CLIENT][INFO] [crafttweaker | SIDE_CLIENT]: Loading Script: {[0:crafttweaker]: crafttweaker\chooseMode\EventChose.zs}
[INITIALIZATION][CLIENT][INFO] [crafttweaker | SIDE_CLIENT]: Loading Script: {[0:crafttweaker]: crafttweaker\utils\creative_tabs.zs}
[INITIALIZATION][CLIENT][ERROR] crafttweaker\utils\creative_tabs.zs:13 > could not find mdosmods
[INITIALIZATION][CLIENT][INFO] Initializing creative_tabs.zs
[INITIALIZATION][CLIENT][ERROR] [crafttweaker]: Error executing {[0:crafttweaker]: crafttweaker\utils\creative_tabs.zs}: JVMCFRE113 意外的 EOF；类=crafttweaker/api/item/IItemStackAny，偏移量=0
java.lang.ClassFormatError: JVMCFRE113 意外的 EOF；类=crafttweaker/api/item/IItemStackAny，偏移量=0
	at java.lang.ClassLoader.defineClassImpl(Native Method)
	at java.lang.ClassLoader.defineClassInternal(ClassLoader.java:398)
	at java.lang.ClassLoader.defineClass(ClassLoader.java:359)
	at java.lang.ClassLoader.defineClass(ClassLoader.java:314)
	at stanhebben.zenscript.ZenModule$MyClassLoader.loadClass(ZenModule.java:419)
	at crafttweaker\utils\Creative_tabs.__script__(crafttweaker\utils\creative_tabs.zs:13)
	at __ZenMain__.run(crafttweaker\utils\Creative_tabs)
	at crafttweaker.runtime.CrTTweaker.loadScript(CrTTweaker.java:225)
	at crafttweaker.runtime.CrTTweaker.loadScript(CrTTweaker.java:105)
	at crafttweaker.mc1120.events.CommonEventHandler.registerRecipes(CommonEventHandler.java:69)
	at net.minecraftforge.fml.common.eventhandler.ASMEventHandler_1323_CommonEventHandler_registerRecipes_Register.invoke(.dynamic)
	at net.minecraftforge.fml.common.eventhandler.ASMEventHandler.invoke(ASMEventHandler.java:90)
	at net.minecraftforge.fml.common.eventhandler.EventBus$1.invoke(EventBus.java:144)
	at net.minecraftforge.fml.common.eventhandler.EventBus.post(EventBus.java:182)
	at net.minecraftforge.registries.GameData.fireRegistryEvents(GameData.java:857)
	at net.minecraftforge.common.crafting.CraftingHelper.loadRecipes(CraftingHelper.java:636)
	at net.minecraftforge.fml.common.Loader.initializeMods(Loader.java:747)
	at net.minecraftforge.fml.client.FMLClientHandler.finishMinecraftLoading(FMLClientHandler.java:336)
	at net.minecraft.client.Minecraft.func_71384_a(Minecraft.java:535)
	at net.minecraft.client.Minecraft.func_99999_d(Minecraft.java:3931)
	at net.minecraft.client.main.Main.main(SourceFile:123)
	at sun.reflect.NativeMethodAccessorImpl.invoke0(Native Method)
	at sun.reflect.NativeMethodAccessorImpl.invoke(NativeMethodAccessorImpl.java:62)
	at sun.reflect.DelegatingMethodAccessorImpl.invoke(DelegatingMethodAccessorImpl.java:43)
	at java.lang.reflect.Method.invoke(Method.java:498)
	at net.minecraft.launchwrapper.Launch.launch(Launch.java:135)
	at net.minecraft.launchwrapper.Launch.main(Launch.java:28)
[INITIALIZATION][CLIENT][INFO] [crafttweaker | SIDE_CLIENT]: Loading Script: {[0:crafttweaker]: MineTweakerRecipeMaker.zs}
[INITIALIZATION][CLIENT][INFO] [crafttweaker | SIDE_CLIENT]: Loading Script: {[-50:crafttweaker]: crafttweaker\NormalLand\MM\utilsreciper.zs}
[INITIALIZATION][CLIENT][INFO] Initializing utilsreciper.zs
[INITIALIZATION][CLIENT][INFO] Initialized utilsreciper.zs
[INITIALIZATION][CLIENT][INFO] [crafttweaker | SIDE_CLIENT]: Loading Script: {[-100:crafttweaker]: crafttweaker\NormalLand\AS.zs}
[INITIALIZATION][CLIENT][INFO] Initializing AS.zs
[INITIALIZATION][CLIENT][INFO] Item <item:astralsorcery:blockaltar:0> has not been found, trying to use a ghost representative. This message will only be printed once, all subsequent missing items will be handled the same way.
[INITIALIZATION][CLIENT][INFO] Translating item.chisel.chisel_iron.name to Stone Chisel
[INITIALIZATION][CLIENT][INFO] Setting max damage of  Stone Chisel to 64
[INITIALIZATION][CLIENT][INFO] Translating item.flintAndSteel.name to Astral Flint
[INITIALIZATION][CLIENT][INFO] Translating item.itemusabledust.illumination.name to Astral dust
[INITIALIZATION][CLIENT][INFO] Translating item.itemusabledust.nocturnal.name to Mystical Dust
[INITIALIZATION][CLIENT][INFO] Initialized AS.zs
[INITIALIZATION][CLIENT][INFO] [crafttweaker | SIDE_CLIENT]: Loading Script: {[-100:crafttweaker]: crafttweaker\NormalLand\botania.zs}
[INITIALIZATION][CLIENT][INFO] Initializing botania.zs
[INITIALIZATION][CLIENT][INFO] Adding tooltip for <botania:quartztypemana>: "Can be crafted using marble"
[INITIALIZATION][CLIENT][INFO] Adding tooltip for <botania:manaresource:23>: "can be crafted in many ways"
[INITIALIZATION][CLIENT][INFO] Initialized botania.zs
[INITIALIZATION][CLIENT][INFO] [crafttweaker | SIDE_CLIENT]: Loading Script: {[-100:crafttweaker]: crafttweaker\NormalLand\cyclic.zs}
[INITIALIZATION][CLIENT][INFO] Initializing cyclic.zs
[INITIALIZATION][CLIENT][INFO] Initialized cyclic.zs
[INITIALIZATION][CLIENT][INFO] [crafttweaker | SIDE_CLIENT]: Loading Script: {[-100:crafttweaker]: crafttweaker\NormalLand\extenedcrafting.zs}
[INITIALIZATION][CLIENT][ERROR] crafttweaker\NormalLand\extenedcrafting.zs:11: Could not resolve << < < < < < HEAD recipes . addShaped ( "ECI" , < extendedcrafting : table_basic>
[INITIALIZATION][CLIENT][ERROR] [crafttweaker | SIDE_CLIENT]: Error parsing crafttweaker\NormalLand\extenedcrafting.zs:12 -- ; expected
[INITIALIZATION][CLIENT][INFO] [crafttweaker | SIDE_CLIENT]: Loading Script: {[-100:crafttweaker]: crafttweaker\NormalLand\IE.zs}
[INITIALIZATION][CLIENT][INFO] [crafttweaker | SIDE_CLIENT]: Loading Script: {[-100:crafttweaker]: crafttweaker\NormalLand\MM\astralliquid_collector_array.zs}
[INITIALIZATION][CLIENT][INFO] [crafttweaker | SIDE_CLIENT]: Loading Script: {[-100:crafttweaker]: crafttweaker\NormalLand\MM\liquid_sun_collector.zs}
[INITIALIZATION][CLIENT][INFO] [crafttweaker | SIDE_CLIENT]: Loading Script: {[-100:crafttweaker]: crafttweaker\NormalLand\MM\mana_extractors.zs}
[INITIALIZATION][CLIENT][ERROR] crafttweaker\NormalLand\MM\mana_extractors.zs:13: Could not resolve << < < < < < HEAD mods . modularmachinery . RecipeBuilder . newBuilder ( "terrapassive1" , "passive_aura_extractor" , 6000 ) . addItemOutput ( < botania : manaresource : 4>
[INITIALIZATION][CLIENT][ERROR] [crafttweaker | SIDE_CLIENT]: Error parsing crafttweaker\NormalLand\MM\mana_extractors.zs:14 -- ; expected
[INITIALIZATION][CLIENT][INFO] [crafttweaker | SIDE_CLIENT]: Loading Script: {[-100:crafttweaker]: crafttweaker\NormalLand\MM\passive_astralf.zs}
[INITIALIZATION][CLIENT][INFO] [crafttweaker | SIDE_CLIENT]: Loading Script: {[-100:crafttweaker]: crafttweaker\NormalLand\MM\tntbug.zs}
[INITIALIZATION][CLIENT][ERROR] crafttweaker\NormalLand\MM\tntbug.zs:9: Could not resolve << < < < < < HEAD < modularmachinery : itemblueprint>
[INITIALIZATION][CLIENT][ERROR] [crafttweaker | SIDE_CLIENT]: Error parsing crafttweaker\NormalLand\MM\tntbug.zs:11 -- Invalid expression, last token: ==
[INITIALIZATION][CLIENT][INFO] [crafttweaker | SIDE_CLIENT]: Loading Script: {[-100:crafttweaker]: crafttweaker\NormalLand\modularcomponent.zs}
[INITIALIZATION][CLIENT][INFO] [crafttweaker | SIDE_CLIENT]: Loading Script: {[-100:crafttweaker]: crafttweaker\NormalLand\oredict.zs}
[INITIALIZATION][CLIENT][INFO] [crafttweaker | SIDE_CLIENT]: Loading Script: {[-100:crafttweaker]: crafttweaker\NormalLand\randomT.zs}
[INITIALIZATION][CLIENT][INFO] [crafttweaker | SIDE_CLIENT]: Loading Script: {[-100:crafttweaker]: crafttweaker\NormalLand\tic.zs}
[INITIALIZATION][CLIENT][INFO] [crafttweaker | SIDE_CLIENT]: Loading Script: {[-100:crafttweaker]: crafttweaker\NormalLand\vanilla.zs}
[INITIALIZATION][CLIENT][INFO] [crafttweaker | SIDE_CLIENT]: Loading Script: {[-100:crafttweaker]: template.zs}
[INITIALIZATION][CLIENT][INFO] [crafttweaker | SIDE_CLIENT]: Loading Script: {[-150:crafttweaker]: crafttweaker\globalEvents\worldcrafting.zs}
[INITIALIZATION][CLIENT][INFO] Completed script loading in: 727ms
[INITIALIZATION][CLIENT][INFO] Translating item.chisel.chisel_iron.name to Stone Chisel
[INITIALIZATION][CLIENT][INFO] Translating item.flintAndSteel.name to Astral Flint
[INITIALIZATION][CLIENT][INFO] Translating item.itemusabledust.illumination.name to Astral dust
[INITIALIZATION][CLIENT][INFO] Translating item.itemusabledust.nocturnal.name to Mystical Dust
[POSTINITIALIZATION][CLIENT][INFO] Removing recipes for various outputs
[POSTINITIALIZATION][CLIENT][INFO] Adding shaped recipe for 星辉合成台 with name ct_shaped-841099392
[POSTINITIALIZATION][CLIENT][INFO] Adding shaped recipe for 共鸣星杖 with name ct_shaped-843168388
[POSTINITIALIZATION][CLIENT][INFO] Adding shaped recipe for item.chisel.chisel_iron with name ct_shaped1748217611
[AVAILABLE][CLIENT][INFO] Fixed the RecipeBook
[AVAILABLE][CLIENT][INFO] Attempting to remove mana infusion recipe for [<botania:quartz:1>]
[AVAILABLE][CLIENT][INFO] Removing 2 Botania Mana Infusion Recipe(s) for <botania:quartz:1> * 4, <botania:quartz:1>
[AVAILABLE][CLIENT][INFO] Attempting to remove Pure Daisy recipe for [<botania:livingrock>]
[AVAILABLE][CLIENT][INFO] Removing 1 Botania PureDaisy Recipe(s) for <botania:livingrock>
[AVAILABLE][CLIENT][INFO] Attempting to remove Pure Daisy recipe for [<botania:livingwood>]
[AVAILABLE][CLIENT][INFO] Removing 1 Botania PureDaisy Recipe(s) for <botania:livingwood>
[AVAILABLE][CLIENT][INFO] Adding 1 Botania Mana Infusion Recipe(s) for <botania:quartztypemana>
[AVAILABLE][CLIENT][INFO] Adding 1 Botania Mana Infusion Recipe(s) for <botania:manaresource:23> * 4
[AVAILABLE][CLIENT][INFO] Adding 1 Botania PureDaisy Recipe(s) for <botania:livingrock>
[AVAILABLE][CLIENT][INFO] Adding 1 Botania PureDaisy Recipe(s) for <botania:livingwood>
[AVAILABLE][CLIENT][INFO] Adding 1 Botania PureDaisy Recipe(s) for <contenttweaker:pure_gyk>
[AVAILABLE][CLIENT][INFO] Hiding category in JEI: thermalexpansion.brewer
[AVAILABLE][CLIENT][INFO] Hiding category in JEI: thermalexpansion.centrifuge_mobs
[AVAILABLE][CLIENT][INFO] Hiding category in JEI: thermalexpansion.refinery_potion
[AVAILABLE][CLIENT][INFO] Hiding category in JEI: thermalexpansion.refinery_fossil
[AVAILABLE][CLIENT][INFO] Hiding category in JEI: Avatitia.Compressor
[AVAILABLE][CLIENT][INFO] Hiding category in JEI: Avatitia.Extreme
[AVAILABLE][CLIENT][INFO] Hiding category in JEI: actuallyadditions.coffee
[AVAILABLE][CLIENT][INFO] Hiding category in JEI: jeresources.enchantment
[AVAILABLE][CLIENT][INFO] Hiding item in JEI: <cyclicmagic:water_freezer>
[AVAILABLE][CLIENT][INFO] Hiding item in JEI: <cyclicmagic:water_spreader>
[AVAILABLE][CLIENT][INFO] Hiding item in JEI: <cyclicmagic:wand_missile>
[AVAILABLE][CLIENT][INFO] Hiding item in JEI: <cyclicmagic:water_candle>
[AVAILABLE][CLIENT][INFO] Hiding item in JEI: <cyclicmagic:wand_hypno>
[AVAILABLE][CLIENT][INFO] Hiding item in JEI: <cyclicmagic:tool_torch_launcher>
[AVAILABLE][CLIENT][INFO] Hiding item in JEI: <cyclicmagic:tool_push>
[AVAILABLE][CLIENT][INFO] Hiding item in JEI: <cyclicmagic:tool_prospector>
[AVAILABLE][CLIENT][INFO] Hiding item in JEI: <cyclicmagic:storage_bag>
[AVAILABLE][CLIENT][INFO] Hiding item in JEI: <cyclicmagic:soulstone>
[AVAILABLE][CLIENT][INFO] Hiding item in JEI: <cyclicmagic:block_anvil>
[AVAILABLE][CLIENT][INFO] Hiding item in JEI: <cyclicmagic:block_anvil_magma>
[AVAILABLE][CLIENT][INFO] Hiding item in JEI: <cyclicmagic:heart_food>
[AVAILABLE][CLIENT][INFO] Hiding item in JEI: <cyclicmagic:block_miner_smart>
[AVAILABLE][CLIENT][INFO] Hiding item in JEI: <cyclicmagic:tool_elevate>
[SERVER_STARTED][SERVER][INFO] Loading scripts for loader with names [preinit]
[SERVER_STARTED][SERVER][INFO] Ignoring script {[0:crafttweaker]: crafttweaker\chooseMode\EventChose.zs} as current pack mode NormalLand is not in the scripts pack modes [chooseMode]
[SERVER_STARTED][SERVER][INFO] Completed script loading in: 0ms
[SERVER_STARTED][SERVER][INFO] Loading scripts for loader with names [contenttweaker]
[SERVER_STARTED][SERVER][INFO] Ignoring script {[0:crafttweaker]: crafttweaker\chooseMode\EventChose.zs} as current pack mode NormalLand is not in the scripts pack modes [chooseMode]
[SERVER_STARTED][SERVER][INFO] [contenttweaker | SIDE_CLIENT]: Loading Script: {[3000:contenttweaker]: contenttweaker\blocks.zs}
[SERVER_STARTED][SERVER][INFO] [contenttweaker | SIDE_CLIENT]: Loading Script: {[3000:contenttweaker]: contenttweaker\fluid.zs}
[SERVER_STARTED][SERVER][INFO] [contenttweaker | SIDE_CLIENT]: Loading Script: {[3000:contenttweaker]: contenttweaker\item\food.zs}
[SERVER_STARTED][SERVER][INFO] [contenttweaker | SIDE_CLIENT]: Loading Script: {[3000:contenttweaker]: contenttweaker\item\item.zs}
[SERVER_STARTED][SERVER][INFO] [contenttweaker | SIDE_CLIENT]: Loading Script: {[3000:contenttweaker]: contenttweaker\item\material.zs}
[SERVER_STARTED][SERVER][INFO] [contenttweaker | SIDE_CLIENT]: Loading Script: {[3000:contenttweaker]: contenttweaker\item\oremat.zs}
[SERVER_STARTED][SERVER][INFO] Completed script loading in: 19ms
[SERVER_STARTED][SERVER][INFO] Loading scripts for loader with names [crafttweaker | recipeevent]
[SERVER_STARTED][SERVER][INFO] Ignoring script {[0:crafttweaker]: crafttweaker\chooseMode\EventChose.zs} as current pack mode NormalLand is not in the scripts pack modes [chooseMode]
[SERVER_STARTED][SERVER][INFO] [crafttweaker | SIDE_CLIENT]: Loading Script: {[3000:crafttweaker]: crafttweaker\globalEvents\exu2machine.zs}
[SERVER_STARTED][SERVER][INFO] [crafttweaker | SIDE_CLIENT]: Loading Script: {[2500:crafttweaker]: crafttweaker\globalEvents\worldgeo.zs}
[SERVER_STARTED][SERVER][INFO] [crafttweaker | SIDE_CLIENT]: Loading Script: {[500:crafttweaker]: crafttweaker\utils\utilaiop.zs}
[SERVER_STARTED][SERVER][INFO] [crafttweaker | SIDE_CLIENT]: Loading Script: {[0:crafttweaker]: crafttweaker\chooseMode\EventChose.zs}
[SERVER_STARTED][SERVER][INFO] [crafttweaker | SIDE_CLIENT]: Loading Script: {[0:crafttweaker]: crafttweaker\utils\creative_tabs.zs}
[SERVER_STARTED][SERVER][INFO] [crafttweaker | SIDE_CLIENT]: Loading Script: {[0:crafttweaker]: MineTweakerRecipeMaker.zs}
[SERVER_STARTED][SERVER][INFO] [crafttweaker | SIDE_CLIENT]: Loading Script: {[-50:crafttweaker]: crafttweaker\NormalLand\MM\utilsreciper.zs}
[SERVER_STARTED][SERVER][INFO] [crafttweaker | SIDE_CLIENT]: Loading Script: {[-100:crafttweaker]: crafttweaker\NormalLand\AS.zs}
[SERVER_STARTED][SERVER][INFO] [crafttweaker | SIDE_CLIENT]: Loading Script: {[-100:crafttweaker]: crafttweaker\NormalLand\botania.zs}
[SERVER_STARTED][SERVER][INFO] [crafttweaker | SIDE_CLIENT]: Loading Script: {[-100:crafttweaker]: crafttweaker\NormalLand\cyclic.zs}
[SERVER_STARTED][SERVER][INFO] [crafttweaker | SIDE_CLIENT]: Loading Script: {[-100:crafttweaker]: crafttweaker\NormalLand\extenedcrafting.zs}
[SERVER_STARTED][SERVER][INFO] [crafttweaker | SIDE_CLIENT]: Loading Script: {[-100:crafttweaker]: crafttweaker\NormalLand\IE.zs}
[SERVER_STARTED][SERVER][INFO] [crafttweaker | SIDE_CLIENT]: Loading Script: {[-100:crafttweaker]: crafttweaker\NormalLand\MM\astralliquid_collector_array.zs}
[SERVER_STARTED][SERVER][INFO] [crafttweaker | SIDE_CLIENT]: Loading Script: {[-100:crafttweaker]: crafttweaker\NormalLand\MM\liquid_sun_collector.zs}
[SERVER_STARTED][SERVER][INFO] [crafttweaker | SIDE_CLIENT]: Loading Script: {[-100:crafttweaker]: crafttweaker\NormalLand\MM\mana_extractors.zs}
[SERVER_STARTED][SERVER][INFO] [crafttweaker | SIDE_CLIENT]: Loading Script: {[-100:crafttweaker]: crafttweaker\NormalLand\MM\passive_astralf.zs}
[SERVER_STARTED][SERVER][INFO] [crafttweaker | SIDE_CLIENT]: Loading Script: {[-100:crafttweaker]: crafttweaker\NormalLand\MM\tntbug.zs}
[SERVER_STARTED][SERVER][INFO] [crafttweaker | SIDE_CLIENT]: Loading Script: {[-100:crafttweaker]: crafttweaker\NormalLand\modularcomponent.zs}
[SERVER_STARTED][SERVER][INFO] [crafttweaker | SIDE_CLIENT]: Loading Script: {[-100:crafttweaker]: crafttweaker\NormalLand\oredict.zs}
[SERVER_STARTED][SERVER][INFO] [crafttweaker | SIDE_CLIENT]: Loading Script: {[-100:crafttweaker]: crafttweaker\NormalLand\randomT.zs}
[SERVER_STARTED][SERVER][INFO] [crafttweaker | SIDE_CLIENT]: Loading Script: {[-100:crafttweaker]: crafttweaker\NormalLand\tic.zs}
[SERVER_STARTED][SERVER][INFO] [crafttweaker | SIDE_CLIENT]: Loading Script: {[-100:crafttweaker]: crafttweaker\NormalLand\vanilla.zs}
[SERVER_STARTED][SERVER][INFO] [crafttweaker | SIDE_CLIENT]: Loading Script: {[-100:crafttweaker]: template.zs}
[SERVER_STARTED][SERVER][INFO] [crafttweaker | SIDE_CLIENT]: Loading Script: {[-150:crafttweaker]: crafttweaker\globalEvents\worldcrafting.zs}
[SERVER_STARTED][SERVER][INFO] Completed script loading in: 60ms
